<?xml version="1.0" encoding="UTF-8"?>
<testng-results ignored="0" total="1" passed="1" failed="0" skipped="0">
  <reporter-output>
  </reporter-output>
  <suite started-at="2022-04-09T12:27:58 IST" name="Default suite" finished-at="2022-04-09T12:28:18 IST" duration-ms="19829">
    <groups>
    </groups>
    <test started-at="2022-04-09T12:27:58 IST" name="Default test" finished-at="2022-04-09T12:28:18 IST" duration-ms="19829">
      <class name="test_layer.Test_class">
        <test-method is-config="true" signature="setup()[pri:0, instance:test_layer.Test_class@62150f9e]" started-at="2022-04-09T12:27:58 IST" name="setup" finished-at="2022-04-09T12:28:18 IST" duration-ms="19314" status="PASS">
          <reporter-output>
          </reporter-output>
        </test-method> <!-- setup -->
        <test-method signature="init()[pri:0, instance:test_layer.Test_class@62150f9e]" started-at="2022-04-09T12:28:18 IST" name="init" finished-at="2022-04-09T12:28:18 IST" duration-ms="455" status="PASS">
          <reporter-output>
          </reporter-output>
        </test-method> <!-- init -->
      </class> <!-- test_layer.Test_class -->
    </test> <!-- Default test -->
  </suite> <!-- Default suite -->
</testng-results>
